0 info it worked if it ends with ok
1 verbose cli [ 'D:\\DevEv\\nodejs\\node.exe',
1 verbose cli   'D:\\DevEv\\nodejs\\node_modules\\npm\\bin\\npm-cli.js',
1 verbose cli   'run',
1 verbose cli   'dev' ]
2 info using npm@3.10.10
3 info using node@v6.11.1
4 verbose run-script [ 'predev', 'dev', 'postdev' ]
5 info lifecycle webpack-seed@1.0.0~predev: webpack-seed@1.0.0
6 silly lifecycle webpack-seed@1.0.0~predev: no script for predev, continuing
7 info lifecycle webpack-seed@1.0.0~dev: webpack-seed@1.0.0
8 verbose lifecycle webpack-seed@1.0.0~dev: unsafe-perm in lifecycle true
9 verbose lifecycle webpack-seed@1.0.0~dev: PATH: D:\DevEv\nvm\v6.11.1\node_modules\npm\bin\node-gyp-bin;E:\Projects\webpack-seed\node_modules\.bin;C:\WINDOWS\system32;C:\WINDOWS;C:\WINDOWS\System32\Wbem;C:\WINDOWS\System32\WindowsPowerShell\v1.0\;D:\DevEv\nvm;C:\WINDOWS\system32;C:\WINDOWS;C:\WINDOWS\System32\Wbem;C:\WINDOWS\System32\WindowsPowerShell\v1.0\;D:\DevEv\Git\cmd;D:\DevEv\nvm;D:\DevEv\nodejs;D:\Program Files\TortoiseGit\bin;D:\DevEv\Python\Python36\Scripts\;D:\DevEv\Python\Python36\;D:\DevEv\nodejs;d:\Program Files (x86)\Microsoft VS Code\bin;C:\Users\chong\AppData\Local\Microsoft\WindowsApps;D:\DevEv\nvm;D:\DevEv\nodejs;
10 verbose lifecycle webpack-seed@1.0.0~dev: CWD: E:\Projects\webpack-seed
11 silly lifecycle webpack-seed@1.0.0~dev: Args: [ '/d /s /c',
11 silly lifecycle   'webpack-dev-server --content-base public/ --hot --inline --port 8000' ]
12 verbose stack Error: kill ENOSYS
12 verbose stack     at exports._errnoException (util.js:1018:11)
12 verbose stack     at process.kill (internal/process.js:190:13)
12 verbose stack     at process.listener (D:\DevEv\nvm\v6.11.1\node_modules\npm\node_modules\npmlog\node_modules\gauge\node_modules\signal-exit\index.js:86:15)
12 verbose stack     at emitNone (events.js:91:20)
12 verbose stack     at process.emit (events.js:185:7)
12 verbose stack     at processEmit (D:\DevEv\nvm\v6.11.1\node_modules\npm\node_modules\npmlog\node_modules\gauge\node_modules\signal-exit\index.js:146:32)
12 verbose stack     at processEmit (D:\DevEv\nvm\v6.11.1\node_modules\npm\node_modules\npm-registry-client\node_modules\npmlog\node_modules\gauge\node_modules\signal-exit\index.js:146:32)
12 verbose stack     at Signal.wrap.onsignal (internal/process.js:217:44)
13 verbose cwd E:\Projects\webpack-seed
14 error Windows_NT 10.0.15063
15 error argv "D:\\DevEv\\nodejs\\node.exe" "D:\\DevEv\\nodejs\\node_modules\\npm\\bin\\npm-cli.js" "run" "dev"
16 error node v6.11.1
17 error npm  v3.10.10
18 error code ENOSYS
19 error errno ENOSYS
20 error syscall kill
21 error kill ENOSYS
22 error If you need help, you may report this error at:
22 error     <https://github.com/npm/npm/issues>
23 verbose exit [ 1, true ]
